
*** Running vivado
    with args -log HDMI_test.vdi -applog -m64 -product Vivado -messageDb vivado.pb -mode batch -source HDMI_test.tcl -notrace



****** Vivado v2024.2 (64-bit)
  **** SW Build 5239630 on Fri Nov 08 22:35:27 MST 2024
  **** IP Build 5239520 on Sun Nov 10 16:12:51 MST 2024
  **** SharedData Build 5239561 on Fri Nov 08 14:39:27 MST 2024
  **** Start of session at: Sun Oct  5 16:48:52 2025
    ** Copyright 1986-2022 Xilinx, Inc. All Rights Reserved.
    ** Copyright 2022-2024 Advanced Micro Devices, Inc. All Rights Reserved.

source HDMI_test.tcl -notrace
Command: link_design -top HDMI_test -part xc7z020clg400-1
Design is defaulting to srcset: sources_1
Design is defaulting to constrset: constrs_1
INFO: [Device 21-403] Loading part xc7z020clg400-1
INFO: [Project 1-454] Reading design checkpoint 'c:/Users/Admin/hdmi_project/HDMI-Arty-z7-20/HDMI-Arty-z7-20.gen/sources_1/ip/clk_wiz_0/clk_wiz_0.dcp' for cell 'clk_div_5'
Netlist sorting complete. Time (s): cpu = 00:00:00 ; elapsed = 00:00:00.001 . Memory (MB): peak = 647.395 ; gain = 0.000
INFO: [Netlist 29-17] Analyzing 6 Unisim elements for replacement
INFO: [Netlist 29-28] Unisim Transformation completed in 0 CPU seconds
INFO: [Project 1-479] Netlist was created with Vivado 2024.2
INFO: [Project 1-570] Preparing netlist for logic optimization
Parsing XDC File [c:/Users/Admin/hdmi_project/HDMI-Arty-z7-20/HDMI-Arty-z7-20.gen/sources_1/ip/clk_wiz_0/clk_wiz_0_board.xdc] for cell 'clk_div_5/inst'
Finished Parsing XDC File [c:/Users/Admin/hdmi_project/HDMI-Arty-z7-20/HDMI-Arty-z7-20.gen/sources_1/ip/clk_wiz_0/clk_wiz_0_board.xdc] for cell 'clk_div_5/inst'
Parsing XDC File [c:/Users/Admin/hdmi_project/HDMI-Arty-z7-20/HDMI-Arty-z7-20.gen/sources_1/ip/clk_wiz_0/clk_wiz_0.xdc] for cell 'clk_div_5/inst'
INFO: [Timing 38-35] Done setting XDC timing constraints. [c:/Users/Admin/hdmi_project/HDMI-Arty-z7-20/HDMI-Arty-z7-20.gen/sources_1/ip/clk_wiz_0/clk_wiz_0.xdc:54]
INFO: [Timing 38-2] Deriving generated clocks [c:/Users/Admin/hdmi_project/HDMI-Arty-z7-20/HDMI-Arty-z7-20.gen/sources_1/ip/clk_wiz_0/clk_wiz_0.xdc:54]
Finished Parsing XDC File [c:/Users/Admin/hdmi_project/HDMI-Arty-z7-20/HDMI-Arty-z7-20.gen/sources_1/ip/clk_wiz_0/clk_wiz_0.xdc] for cell 'clk_div_5/inst'
Parsing XDC File [D:/Downloads/Arty-Z7-20-Master.xdc]
WARNING: [Vivado 12-584] No ports matched 'hdmi_tx_cec'. [D:/Downloads/Arty-Z7-20-Master.xdc:76]
CRITICAL WARNING: [Common 17-55] 'set_property' expects at least one object. [D:/Downloads/Arty-Z7-20-Master.xdc:76]
Resolution: If [get_<value>] was used to populate the object, check to make sure this command returns at least one valid object.
WARNING: [Vivado 12-584] No ports matched 'hdmi_tx_hpdn'. [D:/Downloads/Arty-Z7-20-Master.xdc:85]
CRITICAL WARNING: [Common 17-55] 'set_property' expects at least one object. [D:/Downloads/Arty-Z7-20-Master.xdc:85]
Resolution: If [get_<value>] was used to populate the object, check to make sure this command returns at least one valid object.
WARNING: [Vivado 12-584] No ports matched 'hdmi_tx_scl'. [D:/Downloads/Arty-Z7-20-Master.xdc:86]
CRITICAL WARNING: [Common 17-55] 'set_property' expects at least one object. [D:/Downloads/Arty-Z7-20-Master.xdc:86]
Resolution: If [get_<value>] was used to populate the object, check to make sure this command returns at least one valid object.
WARNING: [Vivado 12-584] No ports matched 'hdmi_tx_sda'. [D:/Downloads/Arty-Z7-20-Master.xdc:87]
CRITICAL WARNING: [Common 17-55] 'set_property' expects at least one object. [D:/Downloads/Arty-Z7-20-Master.xdc:87]
Resolution: If [get_<value>] was used to populate the object, check to make sure this command returns at least one valid object.
Finished Parsing XDC File [D:/Downloads/Arty-Z7-20-Master.xdc]
INFO: [Opt 31-138] Pushed 0 inverter(s) to 0 load pin(s).
Netlist sorting complete. Time (s): cpu = 00:00:00 ; elapsed = 00:00:00 . Memory (MB): peak = 1351.582 ; gain = 0.000
INFO: [Project 1-111] Unisim Transformation Summary:
  A total of 4 instances were transformed.
  OBUFDS => OBUFDS: 4 instances

10 Infos, 4 Warnings, 4 Critical Warnings and 0 Errors encountered.
link_design completed successfully
link_design: Time (s): cpu = 00:00:07 ; elapsed = 00:00:09 . Memory (MB): peak = 1351.582 ; gain = 947.434
Command: opt_design
Attempting to get a license for feature 'Implementation' and/or device 'xc7z020'
INFO: [Common 17-349] Got license for feature 'Implementation' and/or device 'xc7z020'
Running DRC as a precondition to command opt_design

Starting DRC Task
INFO: [DRC 23-27] Running DRC with 2 threads
INFO: [Project 1-461] DRC finished with 0 Errors
INFO: [Project 1-462] Please refer to the DRC report (report_drc) for more information.

Time (s): cpu = 00:00:01 ; elapsed = 00:00:00.858 . Memory (MB): peak = 1351.582 ; gain = 0.000

Starting Cache Timing Information Task
INFO: [Timing 38-35] Done setting XDC timing constraints.
INFO: [Timing 38-2] Deriving generated clocks
Ending Cache Timing Information Task | Checksum: 1144fa69c

Time (s): cpu = 00:00:00 ; elapsed = 00:00:00.019 . Memory (MB): peak = 1382.777 ; gain = 31.195

Starting Logic Optimization Task

Phase 1 Initialization

Phase 1.1 Core Generation And Design Setup
Phase 1.1 Core Generation And Design Setup | Checksum: 1144fa69c

Time (s): cpu = 00:00:00 ; elapsed = 00:00:00.001 . Memory (MB): peak = 1773.617 ; gain = 0.000

Phase 1.2 Setup Constraints And Sort Netlist
Phase 1.2 Setup Constraints And Sort Netlist | Checksum: 1144fa69c

Time (s): cpu = 00:00:00 ; elapsed = 00:00:00.001 . Memory (MB): peak = 1773.617 ; gain = 0.000
Phase 1 Initialization | Checksum: 1144fa69c

Time (s): cpu = 00:00:00 ; elapsed = 00:00:00.001 . Memory (MB): peak = 1773.617 ; gain = 0.000

Phase 2 Timer Update And Timing Data Collection

Phase 2.1 Timer Update
Phase 2.1 Timer Update | Checksum: 1144fa69c

Time (s): cpu = 00:00:00 ; elapsed = 00:00:00.011 . Memory (MB): peak = 1773.617 ; gain = 0.000

Phase 2.2 Timing Data Collection
Phase 2.2 Timing Data Collection | Checksum: 1144fa69c

Time (s): cpu = 00:00:00 ; elapsed = 00:00:00.014 . Memory (MB): peak = 1773.617 ; gain = 0.000
Phase 2 Timer Update And Timing Data Collection | Checksum: 1144fa69c

Time (s): cpu = 00:00:00 ; elapsed = 00:00:00.014 . Memory (MB): peak = 1773.617 ; gain = 0.000

Phase 3 Retarget
INFO: [Opt 31-1851] Number of loadless carry chains removed were: 0
INFO: [Opt 31-1834] Total Chains To Be Transformed Were: 0 AND Number of Transformed insts Created are: 0
INFO: [Opt 31-138] Pushed 0 inverter(s) to 0 load pin(s).
INFO: [Opt 31-49] Retargeted 0 cell(s).
Phase 3 Retarget | Checksum: 1144fa69c

Time (s): cpu = 00:00:00 ; elapsed = 00:00:00.017 . Memory (MB): peak = 1773.617 ; gain = 0.000
Retarget | Checksum: 1144fa69c
INFO: [Opt 31-389] Phase Retarget created 0 cells and removed 0 cells
INFO: [Opt 31-1021] In phase Retarget, 1 netlist objects are constrained preventing optimization. Please run opt_design with -debug_log to get more detail. 

Phase 4 Constant propagation
INFO: [Opt 31-138] Pushed 0 inverter(s) to 0 load pin(s).
Phase 4 Constant propagation | Checksum: 1144fa69c

Time (s): cpu = 00:00:00 ; elapsed = 00:00:00.019 . Memory (MB): peak = 1773.617 ; gain = 0.000
Constant propagation | Checksum: 1144fa69c
INFO: [Opt 31-389] Phase Constant propagation created 0 cells and removed 0 cells

Phase 5 Sweep
INFO: [Constraints 18-11670] Building netlist checker database with flags, 0x8
Done building netlist checker database: Time (s): cpu = 00:00:00 ; elapsed = 00:00:00 . Memory (MB): peak = 1773.617 ; gain = 0.000
INFO: [Constraints 18-11670] Building netlist checker database with flags, 0x8
Done building netlist checker database: Time (s): cpu = 00:00:00 ; elapsed = 00:00:00 . Memory (MB): peak = 1773.617 ; gain = 0.000
Phase 5 Sweep | Checksum: 11f8b12ae

Time (s): cpu = 00:00:00 ; elapsed = 00:00:00.021 . Memory (MB): peak = 1773.617 ; gain = 0.000
Sweep | Checksum: 11f8b12ae
INFO: [Opt 31-389] Phase Sweep created 0 cells and removed 0 cells

Phase 6 BUFG optimization
Phase 6 BUFG optimization | Checksum: 11f8b12ae

Time (s): cpu = 00:00:00 ; elapsed = 00:00:00.043 . Memory (MB): peak = 1773.617 ; gain = 0.000
BUFG optimization | Checksum: 11f8b12ae
INFO: [Opt 31-662] Phase BUFG optimization created 0 cells of which 0 are BUFGs and removed 0 cells.

Phase 7 Shift Register Optimization
INFO: [Opt 31-1064] SRL Remap converted 0 SRLs to 0 registers and converted 0 registers of register chains to 0 SRLs
Phase 7 Shift Register Optimization | Checksum: 11f8b12ae

Time (s): cpu = 00:00:00 ; elapsed = 00:00:00.044 . Memory (MB): peak = 1773.617 ; gain = 0.000
Shift Register Optimization | Checksum: 11f8b12ae
INFO: [Opt 31-389] Phase Shift Register Optimization created 0 cells and removed 0 cells

Phase 8 Post Processing Netlist
Phase 8 Post Processing Netlist | Checksum: 11f8b12ae

Time (s): cpu = 00:00:00 ; elapsed = 00:00:00.045 . Memory (MB): peak = 1773.617 ; gain = 0.000
Post Processing Netlist | Checksum: 11f8b12ae
INFO: [Opt 31-389] Phase Post Processing Netlist created 0 cells and removed 0 cells

Phase 9 Finalization

Phase 9.1 Finalizing Design Cores and Updating Shapes
Phase 9.1 Finalizing Design Cores and Updating Shapes | Checksum: 11f8b12ae

Time (s): cpu = 00:00:00 ; elapsed = 00:00:00.046 . Memory (MB): peak = 1773.617 ; gain = 0.000

Phase 9.2 Verifying Netlist Connectivity

Starting Connectivity Check Task

Time (s): cpu = 00:00:00 ; elapsed = 00:00:00.005 . Memory (MB): peak = 1773.617 ; gain = 0.000
Phase 9.2 Verifying Netlist Connectivity | Checksum: 11f8b12ae

Time (s): cpu = 00:00:00 ; elapsed = 00:00:00.052 . Memory (MB): peak = 1773.617 ; gain = 0.000
Phase 9 Finalization | Checksum: 11f8b12ae

Time (s): cpu = 00:00:00 ; elapsed = 00:00:00.052 . Memory (MB): peak = 1773.617 ; gain = 0.000
Opt_design Change Summary
=========================


-------------------------------------------------------------------------------------------------------------------------
|  Phase                        |  #Cells created  |  #Cells Removed  |  #Constrained objects preventing optimizations  |
-------------------------------------------------------------------------------------------------------------------------
|  Retarget                     |               0  |               0  |                                              1  |
|  Constant propagation         |               0  |               0  |                                              0  |
|  Sweep                        |               0  |               0  |                                              0  |
|  BUFG optimization            |               0  |               0  |                                              0  |
|  Shift Register Optimization  |               0  |               0  |                                              0  |
|  Post Processing Netlist      |               0  |               0  |                                              0  |
-------------------------------------------------------------------------------------------------------------------------


Ending Logic Optimization Task | Checksum: 11f8b12ae

Time (s): cpu = 00:00:00 ; elapsed = 00:00:00.053 . Memory (MB): peak = 1773.617 ; gain = 0.000

Starting Power Optimization Task
INFO: [Pwropt 34-132] Skipping clock gating for clocks with a period < 2.00 ns.
Ending Power Optimization Task | Checksum: 11f8b12ae

Time (s): cpu = 00:00:00 ; elapsed = 00:00:00.006 . Memory (MB): peak = 1773.617 ; gain = 0.000

Starting Final Cleanup Task
Ending Final Cleanup Task | Checksum: 11f8b12ae

Time (s): cpu = 00:00:00 ; elapsed = 00:00:00 . Memory (MB): peak = 1773.617 ; gain = 0.000

Starting Netlist Obfuscation Task
Netlist sorting complete. Time (s): cpu = 00:00:00 ; elapsed = 00:00:00 . Memory (MB): peak = 1773.617 ; gain = 0.000
Ending Netlist Obfuscation Task | Checksum: 11f8b12ae

Time (s): cpu = 00:00:00 ; elapsed = 00:00:00.001 . Memory (MB): peak = 1773.617 ; gain = 0.000
INFO: [Common 17-83] Releasing license: Implementation
33 Infos, 4 Warnings, 4 Critical Warnings and 0 Errors encountered.
opt_design completed successfully
INFO: [Vivado 12-24828] Executing command : report_drc -file HDMI_test_drc_opted.rpt -pb HDMI_test_drc_opted.pb -rpx HDMI_test_drc_opted.rpx
Command: report_drc -file HDMI_test_drc_opted.rpt -pb HDMI_test_drc_opted.pb -rpx HDMI_test_drc_opted.rpx
INFO: [IP_Flow 19-1839] IP Catalog is up to date.
INFO: [DRC 23-27] Running DRC with 2 threads
INFO: [Vivado_Tcl 2-168] The results of DRC are in file C:/Users/Admin/hdmi_project/HDMI-Arty-z7-20/HDMI-Arty-z7-20.runs/impl_1/HDMI_test_drc_opted.rpt.
report_drc completed successfully
INFO: [Timing 38-35] Done setting XDC timing constraints.
INFO: [Timing 38-480] Writing timing data to binary archive.
Write ShapeDB Complete: Time (s): cpu = 00:00:00 ; elapsed = 00:00:00.001 . Memory (MB): peak = 1773.617 ; gain = 0.000
Wrote PlaceDB: Time (s): cpu = 00:00:00 ; elapsed = 00:00:00 . Memory (MB): peak = 1773.617 ; gain = 0.000
Wrote PulsedLatchDB: Time (s): cpu = 00:00:00 ; elapsed = 00:00:00 . Memory (MB): peak = 1773.617 ; gain = 0.000
Writing XDEF routing.
Writing XDEF routing logical nets.
Writing XDEF routing special nets.
Wrote RouteStorage: Time (s): cpu = 00:00:00 ; elapsed = 00:00:00.024 . Memory (MB): peak = 1773.617 ; gain = 0.000
Wrote Netlist Cache: Time (s): cpu = 00:00:00 ; elapsed = 00:00:00 . Memory (MB): peak = 1773.617 ; gain = 0.000
Wrote Device Cache: Time (s): cpu = 00:00:00 ; elapsed = 00:00:00.007 . Memory (MB): peak = 1773.617 ; gain = 0.000
Write Physdb Complete: Time (s): cpu = 00:00:00 ; elapsed = 00:00:00.036 . Memory (MB): peak = 1773.617 ; gain = 0.000
INFO: [Common 17-1381] The checkpoint 'C:/Users/Admin/hdmi_project/HDMI-Arty-z7-20/HDMI-Arty-z7-20.runs/impl_1/HDMI_test_opt.dcp' has been generated.
Command: place_design
Attempting to get a license for feature 'Implementation' and/or device 'xc7z020'
INFO: [Common 17-349] Got license for feature 'Implementation' and/or device 'xc7z020'
INFO: [Common 17-83] Releasing license: Implementation
INFO: [DRC 23-27] Running DRC with 2 threads
INFO: [Vivado_Tcl 4-198] DRC finished with 0 Errors
INFO: [Vivado_Tcl 4-199] Please refer to the DRC report (report_drc) for more information.
Running DRC as a precondition to command place_design
INFO: [DRC 23-27] Running DRC with 2 threads
INFO: [Vivado_Tcl 4-198] DRC finished with 0 Errors
INFO: [Vivado_Tcl 4-199] Please refer to the DRC report (report_drc) for more information.
INFO: [Place 30-611] Multithreading enabled for place_design using a maximum of 2 CPUs

Starting Placer Task

Phase 1 Placer Initialization

Phase 1.1 Placer Initialization Netlist Sorting
Netlist sorting complete. Time (s): cpu = 00:00:00 ; elapsed = 00:00:00.001 . Memory (MB): peak = 1773.617 ; gain = 0.000
Phase 1.1 Placer Initialization Netlist Sorting | Checksum: d9972de8

Time (s): cpu = 00:00:00 ; elapsed = 00:00:00.001 . Memory (MB): peak = 1773.617 ; gain = 0.000
Netlist sorting complete. Time (s): cpu = 00:00:00 ; elapsed = 00:00:00 . Memory (MB): peak = 1773.617 ; gain = 0.000

Phase 1.2 IO Placement/ Clock Placement/ Build Placer Device
Phase 1.2 IO Placement/ Clock Placement/ Build Placer Device | Checksum: 1593cdae3

Time (s): cpu = 00:00:00 ; elapsed = 00:00:00.243 . Memory (MB): peak = 1773.617 ; gain = 0.000

Phase 1.3 Build Placer Netlist Model
CRITICAL WARNING: [Timing 38-1] MMCME2_ADV output pin(s) used on clock modifying cell DCM_TMDS_inst (COMPENSATION=BUF_IN) without a feedback net: CLKOUT0
Resolution: To properly work, the MMCM or PLL must be connected with a feedback loop. Connect the feedback clock pin of the MMCM or PLL to the correct feedback net. The feedback net cannot be connected to a constant signal.
Phase 1.3 Build Placer Netlist Model | Checksum: 1a4989994

Time (s): cpu = 00:00:01 ; elapsed = 00:00:00.343 . Memory (MB): peak = 1773.617 ; gain = 0.000

Phase 1.4 Constrain Clocks/Macros
Phase 1.4 Constrain Clocks/Macros | Checksum: 1a4989994

Time (s): cpu = 00:00:01 ; elapsed = 00:00:00.345 . Memory (MB): peak = 1773.617 ; gain = 0.000
Phase 1 Placer Initialization | Checksum: 1a4989994

Time (s): cpu = 00:00:01 ; elapsed = 00:00:00.347 . Memory (MB): peak = 1773.617 ; gain = 0.000

Phase 2 Global Placement

Phase 2.1 Floorplanning
Phase 2.1 Floorplanning | Checksum: 1bae70add

Time (s): cpu = 00:00:01 ; elapsed = 00:00:00.402 . Memory (MB): peak = 1773.617 ; gain = 0.000

Phase 2.2 Update Timing before SLR Path Opt
Phase 2.2 Update Timing before SLR Path Opt | Checksum: 1e934397f

Time (s): cpu = 00:00:01 ; elapsed = 00:00:00.444 . Memory (MB): peak = 1773.617 ; gain = 0.000

Phase 2.3 Post-Processing in Floorplanning
Phase 2.3 Post-Processing in Floorplanning | Checksum: 1e934397f

Time (s): cpu = 00:00:01 ; elapsed = 00:00:00.445 . Memory (MB): peak = 1773.617 ; gain = 0.000

Phase 2.4 Global Place Phase1
Phase 2.4 Global Place Phase1 | Checksum: 1b53797ad

Time (s): cpu = 00:00:02 ; elapsed = 00:00:01 . Memory (MB): peak = 1773.617 ; gain = 0.000

Phase 2.5 Global Place Phase2

Phase 2.5.1 UpdateTiming Before Physical Synthesis
Phase 2.5.1 UpdateTiming Before Physical Synthesis | Checksum: 255e30e3f

Time (s): cpu = 00:00:02 ; elapsed = 00:00:01 . Memory (MB): peak = 1773.617 ; gain = 0.000

Phase 2.5.2 Physical Synthesis In Placer
INFO: [Physopt 32-1035] Found 0 LUTNM shape to break, 2 LUT instances to create LUTNM shape
INFO: [Physopt 32-1044] Break lutnm for timing: one critical 0, two critical 0, total 0, new lutff created 0
INFO: [Physopt 32-1138] End 1 Pass. Optimized 1 net or LUT. Breaked 0 LUT, combined 1 existing LUT and moved 0 existing LUT
INFO: [Physopt 32-65] No nets found for high-fanout optimization.
INFO: [Physopt 32-232] Optimized 0 net. Created 0 new instance.
INFO: [Physopt 32-775] End 1 Pass. Optimized 0 net or cell. Created 0 new cell, deleted 0 existing cell and moved 0 existing cell
INFO: [Physopt 32-670] No setup violation found.  DSP Register Optimization was not performed.
INFO: [Physopt 32-670] No setup violation found.  Shift Register to Pipeline Optimization was not performed.
INFO: [Physopt 32-670] No setup violation found.  Shift Register Optimization was not performed.
INFO: [Physopt 32-670] No setup violation found.  BRAM Register Optimization was not performed.
INFO: [Physopt 32-670] No setup violation found.  URAM Register Optimization was not performed.
INFO: [Physopt 32-949] No candidate nets found for dynamic/static region interface net replication
INFO: [Physopt 32-775] End 1 Pass. Optimized 0 net or cell. Created 0 new cell, deleted 0 existing cell and moved 0 existing cell
Netlist sorting complete. Time (s): cpu = 00:00:00 ; elapsed = 00:00:00 . Memory (MB): peak = 1773.617 ; gain = 0.000

Summary of Physical Synthesis Optimizations
============================================


-----------------------------------------------------------------------------------------------------------------------------------------------------------
|  Optimization                                     |  Added Cells  |  Removed Cells  |  Optimized Cells/Nets  |  Dont Touch  |  Iterations  |  Elapsed   |
-----------------------------------------------------------------------------------------------------------------------------------------------------------
|  LUT Combining                                    |            0  |              1  |                     1  |           0  |           1  |  00:00:00  |
|  Retime                                           |            0  |              0  |                     0  |           0  |           1  |  00:00:00  |
|  Very High Fanout                                 |            0  |              0  |                     0  |           0  |           1  |  00:00:00  |
|  DSP Register                                     |            0  |              0  |                     0  |           0  |           0  |  00:00:00  |
|  Shift Register to Pipeline                       |            0  |              0  |                     0  |           0  |           0  |  00:00:00  |
|  Shift Register                                   |            0  |              0  |                     0  |           0  |           0  |  00:00:00  |
|  BRAM Register                                    |            0  |              0  |                     0  |           0  |           0  |  00:00:00  |
|  URAM Register                                    |            0  |              0  |                     0  |           0  |           0  |  00:00:00  |
|  Dynamic/Static Region Interface Net Replication  |            0  |              0  |                     0  |           0  |           1  |  00:00:00  |
|  Total                                            |            0  |              1  |                     1  |           0  |           4  |  00:00:00  |
-----------------------------------------------------------------------------------------------------------------------------------------------------------


Phase 2.5.2 Physical Synthesis In Placer | Checksum: 1b96c829b

Time (s): cpu = 00:00:02 ; elapsed = 00:00:01 . Memory (MB): peak = 1773.617 ; gain = 0.000
Phase 2.5 Global Place Phase2 | Checksum: 1c8afad29

Time (s): cpu = 00:00:02 ; elapsed = 00:00:01 . Memory (MB): peak = 1773.617 ; gain = 0.000
Phase 2 Global Placement | Checksum: 1c8afad29

Time (s): cpu = 00:00:02 ; elapsed = 00:00:01 . Memory (MB): peak = 1773.617 ; gain = 0.000

Phase 3 Detail Placement

Phase 3.1 Commit Multi Column Macros
Phase 3.1 Commit Multi Column Macros | Checksum: 1d51a0f5b

Time (s): cpu = 00:00:02 ; elapsed = 00:00:01 . Memory (MB): peak = 1773.617 ; gain = 0.000

Phase 3.2 Commit Most Macros & LUTRAMs
Phase 3.2 Commit Most Macros & LUTRAMs | Checksum: 155b5f29b

Time (s): cpu = 00:00:02 ; elapsed = 00:00:01 . Memory (MB): peak = 1773.617 ; gain = 0.000

Phase 3.3 Area Swap Optimization
Phase 3.3 Area Swap Optimization | Checksum: 1498d831a

Time (s): cpu = 00:00:02 ; elapsed = 00:00:01 . Memory (MB): peak = 1773.617 ; gain = 0.000

Phase 3.4 Pipeline Register Optimization
Phase 3.4 Pipeline Register Optimization | Checksum: 22245de90

Time (s): cpu = 00:00:02 ; elapsed = 00:00:01 . Memory (MB): peak = 1773.617 ; gain = 0.000

Phase 3.5 Small Shape Detail Placement
Phase 3.5 Small Shape Detail Placement | Checksum: 1152b61c0

Time (s): cpu = 00:00:02 ; elapsed = 00:00:01 . Memory (MB): peak = 1773.617 ; gain = 0.000

Phase 3.6 Re-assign LUT pins
Phase 3.6 Re-assign LUT pins | Checksum: 1ac100a7f

Time (s): cpu = 00:00:02 ; elapsed = 00:00:01 . Memory (MB): peak = 1773.617 ; gain = 0.000

Phase 3.7 Pipeline Register Optimization
Phase 3.7 Pipeline Register Optimization | Checksum: 1d4d7b109

Time (s): cpu = 00:00:02 ; elapsed = 00:00:01 . Memory (MB): peak = 1773.617 ; gain = 0.000
Phase 3 Detail Placement | Checksum: 1d4d7b109

Time (s): cpu = 00:00:02 ; elapsed = 00:00:01 . Memory (MB): peak = 1773.617 ; gain = 0.000

Phase 4 Post Placement Optimization and Clean-Up

Phase 4.1 Post Commit Optimization
INFO: [Timing 38-35] Done setting XDC timing constraints.
CRITICAL WARNING: [Timing 38-1] MMCME2_ADV output pin(s) used on clock modifying cell DCM_TMDS_inst (COMPENSATION=BUF_IN) without a feedback net: CLKOUT0
Resolution: To properly work, the MMCM or PLL must be connected with a feedback loop. Connect the feedback clock pin of the MMCM or PLL to the correct feedback net. The feedback net cannot be connected to a constant signal.

Phase 4.1.1 Post Placement Optimization
Post Placement Optimization Initialization | Checksum: 167628355

Phase 4.1.1.1 BUFG Insertion

Starting Physical Synthesis Task

Phase 1 Physical Synthesis Initialization
INFO: [Physopt 32-721] Multithreading enabled for phys_opt_design using a maximum of 2 CPUs
INFO: [Physopt 32-619] Estimated Timing Summary | WNS=7.337 | TNS=0.000 |
Phase 1 Physical Synthesis Initialization | Checksum: eeb44a5b

Time (s): cpu = 00:00:00 ; elapsed = 00:00:00.015 . Memory (MB): peak = 1773.617 ; gain = 0.000
INFO: [Place 46-56] BUFG insertion identified 0 candidate nets. Inserted BUFG: 0, Replicated BUFG Driver: 0, Skipped due to Placement/Routing Conflicts: 0, Skipped due to Timing Degradation: 0, Skipped due to netlist editing failed: 0.
Ending Physical Synthesis Task | Checksum: 170f723c4

Time (s): cpu = 00:00:00 ; elapsed = 00:00:00.016 . Memory (MB): peak = 1773.617 ; gain = 0.000
Phase 4.1.1.1 BUFG Insertion | Checksum: 167628355

Time (s): cpu = 00:00:02 ; elapsed = 00:00:02 . Memory (MB): peak = 1773.617 ; gain = 0.000

Phase 4.1.1.2 Post Placement Timing Optimization
INFO: [Place 30-746] Post Placement Timing Summary WNS=7.337. For the most accurate timing information please run report_timing.
Phase 4.1.1.2 Post Placement Timing Optimization | Checksum: 14220220e

Time (s): cpu = 00:00:02 ; elapsed = 00:00:02 . Memory (MB): peak = 1773.617 ; gain = 0.000

Time (s): cpu = 00:00:02 ; elapsed = 00:00:02 . Memory (MB): peak = 1773.617 ; gain = 0.000
Phase 4.1 Post Commit Optimization | Checksum: 14220220e

Time (s): cpu = 00:00:02 ; elapsed = 00:00:02 . Memory (MB): peak = 1773.617 ; gain = 0.000

Phase 4.2 Post Placement Cleanup
Phase 4.2 Post Placement Cleanup | Checksum: 14220220e

Time (s): cpu = 00:00:02 ; elapsed = 00:00:02 . Memory (MB): peak = 1773.617 ; gain = 0.000

Phase 4.3 Placer Reporting

Phase 4.3.1 Print Estimated Congestion
INFO: [Place 30-612] Post-Placement Estimated Congestion 
 ____________________________________________________
|           | Global Congestion | Short Congestion  |
| Direction | Region Size       | Region Size       |
|___________|___________________|___________________|
|      North|                1x1|                1x1|
|___________|___________________|___________________|
|      South|                1x1|                1x1|
|___________|___________________|___________________|
|       East|                1x1|                1x1|
|___________|___________________|___________________|
|       West|                1x1|                1x1|
|___________|___________________|___________________|

Phase 4.3.1 Print Estimated Congestion | Checksum: 14220220e

Time (s): cpu = 00:00:02 ; elapsed = 00:00:02 . Memory (MB): peak = 1773.617 ; gain = 0.000
Phase 4.3 Placer Reporting | Checksum: 14220220e

Time (s): cpu = 00:00:02 ; elapsed = 00:00:02 . Memory (MB): peak = 1773.617 ; gain = 0.000

Phase 4.4 Final Placement Cleanup
Netlist sorting complete. Time (s): cpu = 00:00:00 ; elapsed = 00:00:00 . Memory (MB): peak = 1773.617 ; gain = 0.000

Time (s): cpu = 00:00:02 ; elapsed = 00:00:02 . Memory (MB): peak = 1773.617 ; gain = 0.000
Phase 4 Post Placement Optimization and Clean-Up | Checksum: fa88c704

Time (s): cpu = 00:00:02 ; elapsed = 00:00:02 . Memory (MB): peak = 1773.617 ; gain = 0.000
Ending Placer Task | Checksum: e36be3f4

Time (s): cpu = 00:00:02 ; elapsed = 00:00:02 . Memory (MB): peak = 1773.617 ; gain = 0.000
68 Infos, 4 Warnings, 6 Critical Warnings and 0 Errors encountered.
place_design completed successfully
INFO: [Vivado 12-24838] Running report commands "report_control_sets, report_io, report_utilization" in parallel.
Running report generation with 2 threads.
INFO: [Vivado 12-24828] Executing command : report_utilization -file HDMI_test_utilization_placed.rpt -pb HDMI_test_utilization_placed.pb
INFO: [Vivado 12-24828] Executing command : report_control_sets -verbose -file HDMI_test_control_sets_placed.rpt
report_control_sets: Time (s): cpu = 00:00:00 ; elapsed = 00:00:00.002 . Memory (MB): peak = 1773.617 ; gain = 0.000
INFO: [Vivado 12-24828] Executing command : report_io -file HDMI_test_io_placed.rpt
report_io: Time (s): cpu = 00:00:00 ; elapsed = 00:00:00.037 . Memory (MB): peak = 1773.617 ; gain = 0.000
INFO: [Timing 38-480] Writing timing data to binary archive.
Write ShapeDB Complete: Time (s): cpu = 00:00:00 ; elapsed = 00:00:00.001 . Memory (MB): peak = 1773.617 ; gain = 0.000
Wrote PlaceDB: Time (s): cpu = 00:00:00 ; elapsed = 00:00:00.015 . Memory (MB): peak = 1773.617 ; gain = 0.000
Wrote PulsedLatchDB: Time (s): cpu = 00:00:00 ; elapsed = 00:00:00 . Memory (MB): peak = 1773.617 ; gain = 0.000
Writing XDEF routing.
Writing XDEF routing logical nets.
Writing XDEF routing special nets.
Wrote RouteStorage: Time (s): cpu = 00:00:00 ; elapsed = 00:00:00.018 . Memory (MB): peak = 1773.617 ; gain = 0.000
Wrote Netlist Cache: Time (s): cpu = 00:00:00 ; elapsed = 00:00:00.001 . Memory (MB): peak = 1773.617 ; gain = 0.000
Wrote Device Cache: Time (s): cpu = 00:00:00 ; elapsed = 00:00:00.009 . Memory (MB): peak = 1773.617 ; gain = 0.000
Write Physdb Complete: Time (s): cpu = 00:00:00 ; elapsed = 00:00:00.047 . Memory (MB): peak = 1773.617 ; gain = 0.000
INFO: [Common 17-1381] The checkpoint 'C:/Users/Admin/hdmi_project/HDMI-Arty-z7-20/HDMI-Arty-z7-20.runs/impl_1/HDMI_test_placed.dcp' has been generated.
Command: phys_opt_design
Attempting to get a license for feature 'Implementation' and/or device 'xc7z020'
INFO: [Common 17-349] Got license for feature 'Implementation' and/or device 'xc7z020'

Starting Initial Update Timing Task
CRITICAL WARNING: [Timing 38-1] MMCME2_ADV output pin(s) used on clock modifying cell DCM_TMDS_inst (COMPENSATION=BUF_IN) without a feedback net: CLKOUT0
Resolution: To properly work, the MMCM or PLL must be connected with a feedback loop. Connect the feedback clock pin of the MMCM or PLL to the correct feedback net. The feedback net cannot be connected to a constant signal.

Time (s): cpu = 00:00:00 ; elapsed = 00:00:00.045 . Memory (MB): peak = 1781.918 ; gain = 8.301
INFO: [Vivado_Tcl 4-2279] Estimated Timing Summary | WNS= 7.337 | TNS= 0.000 | 
INFO: [Vivado_Tcl 4-383] Design worst setup slack (WNS) is greater than or equal to 0.000 ns. All physical synthesis setup optimizations will be skipped.
INFO: [Vivado_Tcl 4-232] No setup violation found. The netlist was not modified.
INFO: [Common 17-83] Releasing license: Implementation
79 Infos, 4 Warnings, 7 Critical Warnings and 0 Errors encountered.
phys_opt_design completed successfully
INFO: [Timing 38-480] Writing timing data to binary archive.
Write ShapeDB Complete: Time (s): cpu = 00:00:00 ; elapsed = 00:00:00.002 . Memory (MB): peak = 1799.820 ; gain = 0.000
Wrote PlaceDB: Time (s): cpu = 00:00:00 ; elapsed = 00:00:00.016 . Memory (MB): peak = 1799.820 ; gain = 0.000
Wrote PulsedLatchDB: Time (s): cpu = 00:00:00 ; elapsed = 00:00:00 . Memory (MB): peak = 1799.820 ; gain = 0.000
Writing XDEF routing.
Writing XDEF routing logical nets.
Writing XDEF routing special nets.
Wrote RouteStorage: Time (s): cpu = 00:00:00 ; elapsed = 00:00:00.017 . Memory (MB): peak = 1799.820 ; gain = 0.000
Wrote Netlist Cache: Time (s): cpu = 00:00:00 ; elapsed = 00:00:00 . Memory (MB): peak = 1799.820 ; gain = 0.000
Wrote Device Cache: Time (s): cpu = 00:00:00 ; elapsed = 00:00:00.007 . Memory (MB): peak = 1799.820 ; gain = 0.000
Write Physdb Complete: Time (s): cpu = 00:00:00 ; elapsed = 00:00:00.046 . Memory (MB): peak = 1799.820 ; gain = 0.000
INFO: [Common 17-1381] The checkpoint 'C:/Users/Admin/hdmi_project/HDMI-Arty-z7-20/HDMI-Arty-z7-20.runs/impl_1/HDMI_test_physopt.dcp' has been generated.
Command: route_design
Attempting to get a license for feature 'Implementation' and/or device 'xc7z020'
INFO: [Common 17-349] Got license for feature 'Implementation' and/or device 'xc7z020'


Starting Routing Task
INFO: [Route 35-254] Multithreading enabled for route_design using a maximum of 2 CPUs

Phase 1 Build RT Design
Checksum: PlaceDB: a8a8aad0 ConstDB: 0 ShapeSum: 24c9c634 RouteDB: 15f972f0
CRITICAL WARNING: [Timing 38-1] MMCME2_ADV output pin(s) used on clock modifying cell DCM_TMDS_inst (COMPENSATION=BUF_IN) without a feedback net: CLKOUT0
Resolution: To properly work, the MMCM or PLL must be connected with a feedback loop. Connect the feedback clock pin of the MMCM or PLL to the correct feedback net. The feedback net cannot be connected to a constant signal.
Post Restoration Checksum: NetGraph: 7cba521c | NumContArr: 1adf77c8 | Constraints: c2a8fa9d | Timing: c2a8fa9d
Phase 1 Build RT Design | Checksum: 21cebbf1e

Time (s): cpu = 00:00:18 ; elapsed = 00:00:16 . Memory (MB): peak = 1903.004 ; gain = 103.184

Phase 2 Router Initialization

Phase 2.1 Fix Topology Constraints
Phase 2.1 Fix Topology Constraints | Checksum: 21cebbf1e

Time (s): cpu = 00:00:18 ; elapsed = 00:00:16 . Memory (MB): peak = 1903.004 ; gain = 103.184

Phase 2.2 Pre Route Cleanup
Phase 2.2 Pre Route Cleanup | Checksum: 21cebbf1e

Time (s): cpu = 00:00:18 ; elapsed = 00:00:16 . Memory (MB): peak = 1903.004 ; gain = 103.184
 Number of Nodes with overlaps = 0

Phase 2.3 Update Timing
CRITICAL WARNING: [Timing 38-1] MMCME2_ADV output pin(s) used on clock modifying cell DCM_TMDS_inst (COMPENSATION=BUF_IN) without a feedback net: CLKOUT0
Resolution: To properly work, the MMCM or PLL must be connected with a feedback loop. Connect the feedback clock pin of the MMCM or PLL to the correct feedback net. The feedback net cannot be connected to a constant signal.
Phase 2.3 Update Timing | Checksum: 21a624cfa

Time (s): cpu = 00:00:19 ; elapsed = 00:00:17 . Memory (MB): peak = 1941.000 ; gain = 141.180
INFO: [Route 35-416] Intermediate Timing Summary | WNS=7.210  | TNS=0.000  | WHS=-1.829 | THS=-66.674|


Router Utilization Summary
  Global Vertical Routing Utilization    = 0 %
  Global Horizontal Routing Utilization  = 0 %
  Routable Net Status*
  *Does not include unroutable nets such as driverless and loadless.
  Run report_route_status for detailed report.
  Number of Failed Nets               = 252
    (Failed Nets is the sum of unrouted and partially routed nets)
  Number of Unrouted Nets             = 252
  Number of Partially Routed Nets     = 0
  Number of Node Overlaps             = 0

Phase 2 Router Initialization | Checksum: 2e3d490c4

Time (s): cpu = 00:00:19 ; elapsed = 00:00:17 . Memory (MB): peak = 1941.000 ; gain = 141.180

Phase 3 Global Routing
Phase 3 Global Routing | Checksum: 2e3d490c4

Time (s): cpu = 00:00:19 ; elapsed = 00:00:17 . Memory (MB): peak = 1941.000 ; gain = 141.180

Phase 4 Initial Routing

Phase 4.1 Initial Net Routing Pass
Phase 4.1 Initial Net Routing Pass | Checksum: 30697c486

Time (s): cpu = 00:00:19 ; elapsed = 00:00:17 . Memory (MB): peak = 1941.000 ; gain = 141.180
Phase 4 Initial Routing | Checksum: 30697c486

Time (s): cpu = 00:00:19 ; elapsed = 00:00:17 . Memory (MB): peak = 1941.000 ; gain = 141.180

Phase 5 Rip-up And Reroute

Phase 5.1 Global Iteration 0
 Number of Nodes with overlaps = 30
 Number of Nodes with overlaps = 0
CRITICAL WARNING: [Timing 38-1] MMCME2_ADV output pin(s) used on clock modifying cell DCM_TMDS_inst (COMPENSATION=BUF_IN) without a feedback net: CLKOUT0
Resolution: To properly work, the MMCM or PLL must be connected with a feedback loop. Connect the feedback clock pin of the MMCM or PLL to the correct feedback net. The feedback net cannot be connected to a constant signal.
INFO: [Route 35-416] Intermediate Timing Summary | WNS=7.027  | TNS=0.000  | WHS=N/A    | THS=N/A    |

Phase 5.1 Global Iteration 0 | Checksum: 239b8c5eb

Time (s): cpu = 00:00:19 ; elapsed = 00:00:17 . Memory (MB): peak = 1941.000 ; gain = 141.180

Phase 5.2 Global Iteration 1
 Number of Nodes with overlaps = 2
 Number of Nodes with overlaps = 0
INFO: [Route 35-416] Intermediate Timing Summary | WNS=7.027  | TNS=0.000  | WHS=N/A    | THS=N/A    |

Phase 5.2 Global Iteration 1 | Checksum: 237a362f2

Time (s): cpu = 00:00:19 ; elapsed = 00:00:17 . Memory (MB): peak = 1941.000 ; gain = 141.180
Phase 5 Rip-up And Reroute | Checksum: 237a362f2

Time (s): cpu = 00:00:19 ; elapsed = 00:00:17 . Memory (MB): peak = 1941.000 ; gain = 141.180

Phase 6 Delay and Skew Optimization

Phase 6.1 Delay CleanUp
Phase 6.1 Delay CleanUp | Checksum: 237a362f2

Time (s): cpu = 00:00:19 ; elapsed = 00:00:17 . Memory (MB): peak = 1941.000 ; gain = 141.180

Phase 6.2 Clock Skew Optimization
Phase 6.2 Clock Skew Optimization | Checksum: 237a362f2

Time (s): cpu = 00:00:19 ; elapsed = 00:00:17 . Memory (MB): peak = 1941.000 ; gain = 141.180
Phase 6 Delay and Skew Optimization | Checksum: 237a362f2

Time (s): cpu = 00:00:19 ; elapsed = 00:00:17 . Memory (MB): peak = 1941.000 ; gain = 141.180

Phase 7 Post Hold Fix

Phase 7.1 Hold Fix Iter
INFO: [Route 35-416] Intermediate Timing Summary | WNS=7.139  | TNS=0.000  | WHS=-0.292 | THS=-1.214 |

Phase 7.1 Hold Fix Iter | Checksum: 3512f9ba0

Time (s): cpu = 00:00:19 ; elapsed = 00:00:17 . Memory (MB): peak = 1941.000 ; gain = 141.180

Phase 7.2 Non Free Resource Hold Fix Iter
Phase 7.2 Non Free Resource Hold Fix Iter | Checksum: 281e2efe7

Time (s): cpu = 00:00:19 ; elapsed = 00:00:17 . Memory (MB): peak = 1941.000 ; gain = 141.180
Phase 7 Post Hold Fix | Checksum: 281e2efe7

Time (s): cpu = 00:00:19 ; elapsed = 00:00:17 . Memory (MB): peak = 1941.000 ; gain = 141.180

Phase 8 Route finalize

Router Utilization Summary
  Global Vertical Routing Utilization    = 0.203583 %
  Global Horizontal Routing Utilization  = 0.150693 %
  Routable Net Status*
  *Does not include unroutable nets such as driverless and loadless.
  Run report_route_status for detailed report.
  Number of Failed Nets               = 0
    (Failed Nets is the sum of unrouted and partially routed nets)
  Number of Unrouted Nets             = 0
  Number of Partially Routed Nets     = 0
  Number of Node Overlaps             = 0

Phase 8 Route finalize | Checksum: 281e2efe7

Time (s): cpu = 00:00:19 ; elapsed = 00:00:17 . Memory (MB): peak = 1941.000 ; gain = 141.180

Phase 9 Verifying routed nets

 Verification completed successfully
Phase 9 Verifying routed nets | Checksum: 281e2efe7

Time (s): cpu = 00:00:19 ; elapsed = 00:00:17 . Memory (MB): peak = 1941.000 ; gain = 141.180

Phase 10 Depositing Routes
Phase 10 Depositing Routes | Checksum: 27ea07d15

Time (s): cpu = 00:00:19 ; elapsed = 00:00:17 . Memory (MB): peak = 1941.000 ; gain = 141.180

Phase 11 Post Process Routing
Phase 11 Post Process Routing | Checksum: 27ea07d15

Time (s): cpu = 00:00:19 ; elapsed = 00:00:17 . Memory (MB): peak = 1941.000 ; gain = 141.180

Phase 12 Post Router Timing

Phase 12.1 Update Timing
Phase 12.1 Update Timing | Checksum: 27ea07d15

Time (s): cpu = 00:00:19 ; elapsed = 00:00:17 . Memory (MB): peak = 1941.000 ; gain = 141.180
INFO: [Route 35-57] Estimated Timing Summary | WNS=5.584  | TNS=0.000  | WHS=0.022  | THS=0.000  |

INFO: [Route 35-327] The final timing numbers are based on the router estimated timing analysis. For a complete and accurate timing signoff, please run report_timing_summary.
Phase 12 Post Router Timing | Checksum: 27ea07d15

Time (s): cpu = 00:00:19 ; elapsed = 00:00:17 . Memory (MB): peak = 1941.000 ; gain = 141.180
Total Elapsed time in route_design: 17.306 secs

Phase 13 Post-Route Event Processing
Phase 13 Post-Route Event Processing | Checksum: 197ab391e

Time (s): cpu = 00:00:19 ; elapsed = 00:00:17 . Memory (MB): peak = 1941.000 ; gain = 141.180
INFO: [Route 35-16] Router Completed Successfully
Ending Routing Task | Checksum: 197ab391e

Time (s): cpu = 00:00:20 ; elapsed = 00:00:17 . Memory (MB): peak = 1941.000 ; gain = 141.180

Routing Is Done.
INFO: [Common 17-83] Releasing license: Implementation
91 Infos, 4 Warnings, 10 Critical Warnings and 0 Errors encountered.
route_design completed successfully
route_design: Time (s): cpu = 00:00:20 ; elapsed = 00:00:17 . Memory (MB): peak = 1941.000 ; gain = 141.180
INFO: [Vivado 12-24828] Executing command : report_drc -file HDMI_test_drc_routed.rpt -pb HDMI_test_drc_routed.pb -rpx HDMI_test_drc_routed.rpx
Command: report_drc -file HDMI_test_drc_routed.rpt -pb HDMI_test_drc_routed.pb -rpx HDMI_test_drc_routed.rpx
INFO: [IP_Flow 19-1839] IP Catalog is up to date.
INFO: [DRC 23-27] Running DRC with 2 threads
INFO: [Vivado_Tcl 2-168] The results of DRC are in file C:/Users/Admin/hdmi_project/HDMI-Arty-z7-20/HDMI-Arty-z7-20.runs/impl_1/HDMI_test_drc_routed.rpt.
report_drc completed successfully
INFO: [Vivado 12-24828] Executing command : report_methodology -file HDMI_test_methodology_drc_routed.rpt -pb HDMI_test_methodology_drc_routed.pb -rpx HDMI_test_methodology_drc_routed.rpx
Command: report_methodology -file HDMI_test_methodology_drc_routed.rpt -pb HDMI_test_methodology_drc_routed.pb -rpx HDMI_test_methodology_drc_routed.rpx
INFO: [Timing 38-35] Done setting XDC timing constraints.
CRITICAL WARNING: [Timing 38-1] MMCME2_ADV output pin(s) used on clock modifying cell DCM_TMDS_inst (COMPENSATION=BUF_IN) without a feedback net: CLKOUT0
Resolution: To properly work, the MMCM or PLL must be connected with a feedback loop. Connect the feedback clock pin of the MMCM or PLL to the correct feedback net. The feedback net cannot be connected to a constant signal.
INFO: [DRC 23-133] Running Methodology with 2 threads
INFO: [Vivado_Tcl 2-1520] The results of Report Methodology are in file C:/Users/Admin/hdmi_project/HDMI-Arty-z7-20/HDMI-Arty-z7-20.runs/impl_1/HDMI_test_methodology_drc_routed.rpt.
report_methodology completed successfully
INFO: [Vivado 12-24828] Executing command : report_timing_summary -max_paths 10 -report_unconstrained -file HDMI_test_timing_summary_routed.rpt -pb HDMI_test_timing_summary_routed.pb -rpx HDMI_test_timing_summary_routed.rpx -warn_on_violation 
INFO: [Timing 38-35] Done setting XDC timing constraints.
INFO: [Timing 38-91] UpdateTimingParams: Speed grade: -1, Delay Type: min_max.
INFO: [Timing 38-191] Multithreading enabled for timing update using a maximum of 2 CPUs
CRITICAL WARNING: [Timing 38-1] MMCME2_ADV output pin(s) used on clock modifying cell DCM_TMDS_inst (COMPENSATION=BUF_IN) without a feedback net: CLKOUT0
Resolution: To properly work, the MMCM or PLL must be connected with a feedback loop. Connect the feedback clock pin of the MMCM or PLL to the correct feedback net. The feedback net cannot be connected to a constant signal.
CRITICAL WARNING: [Timing 38-282] The design failed to meet the timing requirements. Please see the timing summary report for details on the timing violations.
INFO: [Vivado 12-24838] Running report commands "report_incremental_reuse, report_route_status" in parallel.
Running report generation with 2 threads.
INFO: [Vivado 12-24828] Executing command : report_route_status -file HDMI_test_route_status.rpt -pb HDMI_test_route_status.pb
INFO: [Vivado 12-24828] Executing command : report_incremental_reuse -file HDMI_test_incremental_reuse_routed.rpt
INFO: [Vivado_Tcl 4-1062] Incremental flow is disabled. No incremental reuse Info to report.
INFO: [Vivado 12-24828] Executing command : report_power -file HDMI_test_power_routed.rpt -pb HDMI_test_power_summary_routed.pb -rpx HDMI_test_power_routed.rpx
Command: report_power -file HDMI_test_power_routed.rpt -pb HDMI_test_power_summary_routed.pb -rpx HDMI_test_power_routed.rpx
Running Vector-less Activity Propagation...

Finished Running Vector-less Activity Propagation
108 Infos, 4 Warnings, 13 Critical Warnings and 0 Errors encountered.
report_power completed successfully
INFO: [Vivado 12-24828] Executing command : report_clock_utilization -file HDMI_test_clock_utilization_routed.rpt
INFO: [Vivado 12-24828] Executing command : report_bus_skew -warn_on_violation -file HDMI_test_bus_skew_routed.rpt -pb HDMI_test_bus_skew_routed.pb -rpx HDMI_test_bus_skew_routed.rpx
INFO: [Timing 38-91] UpdateTimingParams: Speed grade: -1, Delay Type: min_max.
INFO: [Timing 38-191] Multithreading enabled for timing update using a maximum of 2 CPUs
INFO: [Timing 38-480] Writing timing data to binary archive.
Write ShapeDB Complete: Time (s): cpu = 00:00:00 ; elapsed = 00:00:00.001 . Memory (MB): peak = 2006.590 ; gain = 0.000
Wrote PlaceDB: Time (s): cpu = 00:00:00 ; elapsed = 00:00:00.017 . Memory (MB): peak = 2006.590 ; gain = 0.000
Wrote PulsedLatchDB: Time (s): cpu = 00:00:00 ; elapsed = 00:00:00 . Memory (MB): peak = 2006.590 ; gain = 0.000
Writing XDEF routing.
Writing XDEF routing logical nets.
Writing XDEF routing special nets.
Wrote RouteStorage: Time (s): cpu = 00:00:00 ; elapsed = 00:00:00.021 . Memory (MB): peak = 2006.590 ; gain = 0.000
Wrote Netlist Cache: Time (s): cpu = 00:00:00 ; elapsed = 00:00:00.001 . Memory (MB): peak = 2006.590 ; gain = 0.000
Wrote Device Cache: Time (s): cpu = 00:00:00 ; elapsed = 00:00:00.009 . Memory (MB): peak = 2006.590 ; gain = 0.000
Write Physdb Complete: Time (s): cpu = 00:00:00 ; elapsed = 00:00:00.052 . Memory (MB): peak = 2006.590 ; gain = 0.000
INFO: [Common 17-1381] The checkpoint 'C:/Users/Admin/hdmi_project/HDMI-Arty-z7-20/HDMI-Arty-z7-20.runs/impl_1/HDMI_test_routed.dcp' has been generated.
Command: write_bitstream -force HDMI_test.bit
Attempting to get a license for feature 'Implementation' and/or device 'xc7z020'
INFO: [Common 17-349] Got license for feature 'Implementation' and/or device 'xc7z020'
Running DRC as a precondition to command write_bitstream
INFO: [IP_Flow 19-1839] IP Catalog is up to date.
INFO: [DRC 23-27] Running DRC with 2 threads
INFO: [Vivado 12-3199] DRC finished with 0 Errors
INFO: [Vivado 12-3200] Please refer to the DRC report (report_drc) for more information.
INFO: [Designutils 20-2272] Running write_bitstream with 2 threads.
Loading data files...
Loading site data...
Loading route data...
Processing options...
Creating bitmap...
Creating bitstream...
Writing bitstream ./HDMI_test.bit...
INFO: [Vivado 12-1842] Bitgen Completed Successfully.
INFO: [Project 1-1876] WebTalk data collection is mandatory when using a ULT device. To see the specific WebTalk data collected for your design, open the usage_statistics_webtalk.html or usage_statistics_webtalk.xml file in the implementation directory.
INFO: [Common 17-83] Releasing license: Implementation
123 Infos, 4 Warnings, 13 Critical Warnings and 0 Errors encountered.
write_bitstream completed successfully
write_bitstream: Time (s): cpu = 00:00:11 ; elapsed = 00:00:08 . Memory (MB): peak = 2501.852 ; gain = 495.262
INFO: [Common 17-206] Exiting Vivado at Sun Oct  5 16:49:46 2025...
